[2024-12-08 15:06:21] 开始部署流程...
[2024-12-08 15:06:21] 执行构建...
[2024-12-08 15:06:27] 创建压缩包...
[2024-12-08 15:06:27] 传输文件到远程服务器...
[2024-12-08 15:06:32] 在远程服务器上执行解压...
[2024-12-08 15:06:35] 清理本地临时文件...
[2024-12-08 15:06:35] 部署完成!
[2024-12-08 15:06:35] 总耗时: 14 秒
[2024-12-08 15:08:02] 开始部署流程...
[2024-12-08 15:08:02] 执行构建...
[2024-12-08 15:08:09] 创建压缩包...
[2024-12-08 15:08:09] 传输文件到远程服务器...
[2024-12-08 15:08:13] 在远程服务器上执行解压...
[2024-12-08 15:08:17] 清理本地临时文件...
[2024-12-08 15:08:17] 部署完成!
[2024-12-08 15:08:17] 总耗时: 116 秒
[2024-12-08 15:08:56] 开始部署流程...
[2024-12-08 15:08:56] 执行构建...
[2024-12-08 15:09:02] 创建压缩包...
[2024-12-08 15:09:02] 传输文件到远程服务器...
[2024-12-08 15:09:06] 在远程服务器上执行解压...
[2024-12-08 15:09:10] 清理本地临时文件...
[2024-12-08 15:09:10] 部署完成!
[2024-12-08 15:09:10] 总耗时: 169 秒
[2024-12-08 15:10:21] 开始部署流程...
[2024-12-08 15:10:21] 执行构建...
[2024-12-08 15:10:27] 创建压缩包...
[2024-12-08 15:10:27] 传输文件到远程服务器...
[2024-12-08 15:10:31] 在远程服务器上执行解压...
[2024-12-08 15:10:36] 清理本地临时文件...
[2024-12-08 15:10:36] 部署完成!
[2024-12-08 15:10:36] 总耗时: 255 秒
[2024-12-08 15:11:25] 开始部署流程...
[2024-12-08 15:11:25] 执行构建...
[2024-12-08 15:11:31] 创建压缩包...
[2024-12-08 15:11:31] 传输文件到远程服务器...
[2024-12-08 15:11:35] 在远程服务器上执行解压...
[2024-12-08 15:11:42] 清理本地临时文件...
[2024-12-08 15:11:42] 部署完成!
[2024-12-08 15:11:42] 总耗时: 321 秒
[2024-12-08 15:12:29] 开始部署流程...
[2024-12-08 15:12:29] 执行构建...
[2024-12-08 15:12:36] 创建压缩包...
[2024-12-08 15:12:37] 传输文件到远程服务器...
[2024-12-08 15:12:41] 在远程服务器上执行解压...
[2024-12-08 15:12:52] 清理本地临时文件...
[2024-12-08 15:12:52] 部署完成!
[2024-12-08 15:12:52] 总耗时: 391 秒
[2024-12-08 15:14:37] 开始部署流程...
[2024-12-08 15:14:37] 执行构建...
[2024-12-08 15:14:43] 创建压缩包...
[2024-12-08 15:14:43] 传输文件到远程服务器...
[2024-12-08 15:15:03] 清理本地临时文件...
[2024-12-08 15:15:03] 部署完成!
[2024-12-08 15:15:03] 总耗时: 0.00 秒
[2024-12-08 15:15:53] 开始部署流程...
[2024-12-08 15:15:53] 执行构建...
[2024-12-08 15:15:59] 创建压缩包...
[2024-12-08 15:17:25] 开始部署流程...
[2024-12-08 15:17:25] 执行构建...
[2024-12-08 15:17:32] 创建压缩包...
[2024-12-08 15:18:41] 开始部署流程...
[2024-12-08 15:18:41] 执行构建...
[2024-12-08 15:18:47] 创建压缩包...
[2024-12-08 15:20:30] 开始部署流程...
[2024-12-08 15:20:30] 执行构建...
[2024-12-08 15:20:37] 创建压缩包...
